Classic Timing Analyzer report for dec_74LS138
Thu Sep 11 22:11:50 2025
Quartus II Version 9.1 Build 350 03/24/2010 Service Pack 2 SJ Web Edition


---------------------
; Table of Contents ;
---------------------
  1. Legal Notice
  2. Timing Analyzer Summary
  3. Timing Analyzer Settings
  4. Parallel Compilation
  5. tpd
  6. Timing Analyzer Messages



----------------
; Legal Notice ;
----------------
Copyright (C) 1991-2010 Altera Corporation
Your use of Altera Corporation's design tools, logic functions 
and other software and tools, and its AMPP partner logic 
functions, and any output files from any of the foregoing 
(including device programming or simulation files), and any 
associated documentation or information are expressly subject 
to the terms and conditions of the Altera Program License 
Subscription Agreement, Altera MegaCore Function License 
Agreement, or other applicable license agreement, including, 
without limitation, that your use is for the sole purpose of 
programming logic devices manufactured by Altera and sold by 
Altera or its authorized distributors.  Please refer to the 
applicable agreement for further details.



+--------------------------------------------------------------------------------------------------------------------------+
; Timing Analyzer Summary                                                                                                  ;
+------------------------------+-------+---------------+-------------+------+-------+------------+----------+--------------+
; Type                         ; Slack ; Required Time ; Actual Time ; From ; To    ; From Clock ; To Clock ; Failed Paths ;
+------------------------------+-------+---------------+-------------+------+-------+------------+----------+--------------+
; Worst-case tpd               ; N/A   ; None          ; 7.364 ns    ; ne1  ; no[6] ; --         ; --       ; 0            ;
; Total number of failed paths ;       ;               ;             ;      ;       ;            ;          ; 0            ;
+------------------------------+-------+---------------+-------------+------+-------+------------+----------+--------------+


+-----------------------------------------------------------------------------------------------------------------------------------------------------+
; Timing Analyzer Settings                                                                                                                            ;
+------------------------------------------------------------------------------------------------------+--------------------+------+----+-------------+
; Option                                                                                               ; Setting            ; From ; To ; Entity Name ;
+------------------------------------------------------------------------------------------------------+--------------------+------+----+-------------+
; Device Name                                                                                          ; EP2C35F672C6       ;      ;    ;             ;
; Timing Models                                                                                        ; Final              ;      ;    ;             ;
; Default hold multicycle                                                                              ; Same as Multicycle ;      ;    ;             ;
; Cut paths between unrelated clock domains                                                            ; On                 ;      ;    ;             ;
; Cut off read during write signal paths                                                               ; On                 ;      ;    ;             ;
; Cut off feedback from I/O pins                                                                       ; On                 ;      ;    ;             ;
; Report Combined Fast/Slow Timing                                                                     ; Off                ;      ;    ;             ;
; Ignore Clock Settings                                                                                ; Off                ;      ;    ;             ;
; Analyze latches as synchronous elements                                                              ; On                 ;      ;    ;             ;
; Enable Recovery/Removal analysis                                                                     ; Off                ;      ;    ;             ;
; Enable Clock Latency                                                                                 ; Off                ;      ;    ;             ;
; Use TimeQuest Timing Analyzer                                                                        ; Off                ;      ;    ;             ;
; Minimum Core Junction Temperature                                                                    ; 0                  ;      ;    ;             ;
; Maximum Core Junction Temperature                                                                    ; 85                 ;      ;    ;             ;
; Number of source nodes to report per destination node                                                ; 10                 ;      ;    ;             ;
; Number of destination nodes to report                                                                ; 10                 ;      ;    ;             ;
; Number of paths to report                                                                            ; 200                ;      ;    ;             ;
; Report Minimum Timing Checks                                                                         ; Off                ;      ;    ;             ;
; Use Fast Timing Models                                                                               ; Off                ;      ;    ;             ;
; Report IO Paths Separately                                                                           ; Off                ;      ;    ;             ;
; Perform Multicorner Analysis                                                                         ; On                 ;      ;    ;             ;
; Reports the worst-case path for each clock domain and analysis                                       ; Off                ;      ;    ;             ;
; Reports worst-case timing paths for each clock domain and analysis                                   ; On                 ;      ;    ;             ;
; Specifies the maximum number of worst-case timing paths to report for each clock domain and analysis ; 100                ;      ;    ;             ;
; Removes common clock path pessimism (CCPP) during slack computation                                  ; Off                ;      ;    ;             ;
; Output I/O Timing Endpoint                                                                           ; Near End           ;      ;    ;             ;
+------------------------------------------------------------------------------------------------------+--------------------+------+----+-------------+


Parallel compilation was disabled, but you have multiple processors available. Enable parallel compilation to reduce compilation time.
+-------------------------------------+
; Parallel Compilation                ;
+----------------------------+--------+
; Processors                 ; Number ;
+----------------------------+--------+
; Number detected on machine ; 4      ;
; Maximum allowed            ; 1      ;
+----------------------------+--------+


+------------------------------------------------------------+
; tpd                                                        ;
+-------+-------------------+-----------------+------+-------+
; Slack ; Required P2P Time ; Actual P2P Time ; From ; To    ;
+-------+-------------------+-----------------+------+-------+
; N/A   ; None              ; 7.364 ns        ; ne1  ; no[6] ;
; N/A   ; None              ; 7.337 ns        ; ne1  ; no[7] ;
; N/A   ; None              ; 7.257 ns        ; ne2  ; no[6] ;
; N/A   ; None              ; 7.230 ns        ; ne2  ; no[7] ;
; N/A   ; None              ; 7.140 ns        ; ne1  ; no[0] ;
; N/A   ; None              ; 7.138 ns        ; ne1  ; no[2] ;
; N/A   ; None              ; 7.134 ns        ; ne1  ; no[4] ;
; N/A   ; None              ; 7.121 ns        ; ne1  ; no[3] ;
; N/A   ; None              ; 7.107 ns        ; ne1  ; no[1] ;
; N/A   ; None              ; 7.098 ns        ; e3   ; no[6] ;
; N/A   ; None              ; 7.096 ns        ; ne1  ; no[5] ;
; N/A   ; None              ; 7.071 ns        ; e3   ; no[7] ;
; N/A   ; None              ; 7.060 ns        ; a[0] ; no[6] ;
; N/A   ; None              ; 7.058 ns        ; a[0] ; no[7] ;
; N/A   ; None              ; 7.033 ns        ; ne2  ; no[0] ;
; N/A   ; None              ; 7.031 ns        ; ne2  ; no[2] ;
; N/A   ; None              ; 7.027 ns        ; ne2  ; no[4] ;
; N/A   ; None              ; 7.014 ns        ; ne2  ; no[3] ;
; N/A   ; None              ; 7.000 ns        ; ne2  ; no[1] ;
; N/A   ; None              ; 6.989 ns        ; ne2  ; no[5] ;
; N/A   ; None              ; 6.874 ns        ; e3   ; no[0] ;
; N/A   ; None              ; 6.872 ns        ; e3   ; no[2] ;
; N/A   ; None              ; 6.868 ns        ; e3   ; no[4] ;
; N/A   ; None              ; 6.855 ns        ; e3   ; no[3] ;
; N/A   ; None              ; 6.853 ns        ; a[2] ; no[6] ;
; N/A   ; None              ; 6.852 ns        ; a[0] ; no[2] ;
; N/A   ; None              ; 6.848 ns        ; a[0] ; no[3] ;
; N/A   ; None              ; 6.841 ns        ; e3   ; no[1] ;
; N/A   ; None              ; 6.838 ns        ; a[0] ; no[0] ;
; N/A   ; None              ; 6.837 ns        ; a[0] ; no[1] ;
; N/A   ; None              ; 6.833 ns        ; a[0] ; no[5] ;
; N/A   ; None              ; 6.830 ns        ; e3   ; no[5] ;
; N/A   ; None              ; 6.829 ns        ; a[0] ; no[4] ;
; N/A   ; None              ; 6.827 ns        ; a[2] ; no[7] ;
; N/A   ; None              ; 6.647 ns        ; a[1] ; no[7] ;
; N/A   ; None              ; 6.647 ns        ; a[1] ; no[6] ;
; N/A   ; None              ; 6.618 ns        ; a[2] ; no[4] ;
; N/A   ; None              ; 6.611 ns        ; a[2] ; no[2] ;
; N/A   ; None              ; 6.598 ns        ; a[2] ; no[5] ;
; N/A   ; None              ; 6.597 ns        ; a[2] ; no[3] ;
; N/A   ; None              ; 6.597 ns        ; a[2] ; no[0] ;
; N/A   ; None              ; 6.596 ns        ; a[2] ; no[1] ;
; N/A   ; None              ; 6.435 ns        ; a[1] ; no[3] ;
; N/A   ; None              ; 6.428 ns        ; a[1] ; no[2] ;
; N/A   ; None              ; 6.427 ns        ; a[1] ; no[0] ;
; N/A   ; None              ; 6.424 ns        ; a[1] ; no[1] ;
; N/A   ; None              ; 6.416 ns        ; a[1] ; no[4] ;
; N/A   ; None              ; 6.409 ns        ; a[1] ; no[5] ;
+-------+-------------------+-----------------+------+-------+


+--------------------------+
; Timing Analyzer Messages ;
+--------------------------+
Info: *******************************************************************
Info: Running Quartus II Classic Timing Analyzer
    Info: Version 9.1 Build 350 03/24/2010 Service Pack 2 SJ Web Edition
    Info: Processing started: Thu Sep 11 22:11:50 2025
Info: Command: quartus_tan --read_settings_files=off --write_settings_files=off dec_74LS138 -c dec_74LS138 --timing_analysis_only
Info: Longest tpd from source pin "ne1" to destination pin "no[6]" is 7.364 ns
    Info: 1: + IC(0.000 ns) + CELL(0.999 ns) = 0.999 ns; Loc. = PIN_AF14; Fanout = 1; PIN Node = 'ne1'
    Info: 2: + IC(1.780 ns) + CELL(0.275 ns) = 3.054 ns; Loc. = LCCOMB_X62_Y1_N0; Fanout = 8; COMB Node = 'Equal7~0'
    Info: 3: + IC(0.302 ns) + CELL(0.419 ns) = 3.775 ns; Loc. = LCCOMB_X62_Y1_N22; Fanout = 1; COMB Node = 'Equal0~6'
    Info: 4: + IC(0.771 ns) + CELL(2.818 ns) = 7.364 ns; Loc. = PIN_AF23; Fanout = 0; PIN Node = 'no[6]'
    Info: Total cell delay = 4.511 ns ( 61.26 % )
    Info: Total interconnect delay = 2.853 ns ( 38.74 % )
Info: Quartus II Classic Timing Analyzer was successful. 0 errors, 0 warnings
    Info: Peak virtual memory: 178 megabytes
    Info: Processing ended: Thu Sep 11 22:11:50 2025
    Info: Elapsed time: 00:00:00
    Info: Total CPU time (on all processors): 00:00:00


