[Chaman Bahaar] [2020] [India] [Comedies] [Apurva Dhar Badgaiyann] [Jitendra Kumar, Ritika Badiani] [112] [2354]
[Cargo] [2020] [India] [Comedies] [Arati Kadav] [Vikrant Massey, Shweta Tripathi] [113] [2031]
[Under the Eiffel Tower] [2018] [United States] [Comedies] [Archie Borders] [Matt Walsh, Judith Godreche] [87] [3498]
[Tarung Sarung] [2020] [Indonesia] [Action & Adventure] [Archie Hekagery] [Panji Zoni, Yayan Ruhian] [116] [1475]
[Sugar High] [2020] [United States] [Children & Family Movies] [Ariel Boles] [Hunter March, ] [44] [2189]
[Guna 369] [2019] [India] [Action & Adventure] [Arjun Jandyala] [Adithya Menon, Kartikeya Gummakonda] [143] [3268]
[The Death of Stalin] [2017] [United Kingdom] [Comedies] [Armando Iannucci] [Steve Buscemi, Simon Russell Beale] [107] [2713]
[Arjun: The Warrior Prince] [2011] [India] [Action & Adventure] [Arnab Chaudhuri] [Yudhveer Bakoliya, Ashok Banthia] [91] [4425]
[Cops and Robbers] [2020] [United States] [Dramas] [Arnon Manor] [Timothy Ware-Hill, ] [8] [1485]
[Firebrand] [2019] [India] [Dramas] [Aruna Raje] [Usha Jadhav, Girish Kulkarni] [117] [4086]
[One Day: Justice Delivered] [2019] [India] [Dramas] [Ashok Nanda] [Anupam Kher, Esha Gupta] [120] [2565]
[Lagaan] [2001] [India] [Dramas] [Ashutosh Gowariker] [Aamir Khan, Gracy Singh] [224] [1020]
[Panipat - The Great Betrayal] [2019] [India] [Dramas] [Ashutosh Gowariker] [Sanjay Dutt, Arjun Kapoor] [171] [2917]
[What's Your Raashee?] [2009] [India] [Comedies] [Ashutosh Gowariker] [Harman Baweja, Priyanka Chopra] [203] [2127]
[Game Over (Tamil Version)] [2019] [India] [Horror Movies] [Ashwin Saravanan] [Taapsee Pannu, Vinodhini] [98] [3570]
[The Last Bomb of the Second World War] [2019] [India] [Dramas] [Athiyan Athirai] [Dinesh, Anandhi] [133] [2851]
[No Game No Life: Zero] [2017] [Japan] [Action & Adventure] [Atsuko Ishizuka] [Yoshitsugu Matsuoka, Ai Kayano] [106] [3171]
[Class of '83] [2020] [India] [Dramas] [Atul Sabharwal] [Bobby Deol, Bhupendra Jadawat] [98] [2104]
[The Last Letter From Your Lover] [2021] [United Kingdom] [Dramas] [Augustine Frizzell] [Shailene Woodley, Felicity Jones] [111] [403]
[Gardeners of Eden] [2014] [Kenya] [Documentaries] [Austin Peck] [Kristin Davis, Daphne Sheldrick] [70] [2947]
[I Will Follow] [2010] [United States] [Dramas] [Ava DuVernay] [Salli Richardson-Whitfield, Michole Briana White] [80] [2498]
[Middle of Nowhere] [2012] [United States] [Dramas] [Ava DuVernay] [Emayatzy Corinealdi, David Oyelowo] [102] [1325]
[This Is the Life] [2008] [United States] [Documentaries] [Ava DuVernay] [Abstract Rude, Chali 2na] [98] [1328]
[Fukrey Boyzzz: Space Mein Fukrapanti] [2020] [India] [Children & Family Movies] [Avinash Walzade] [Viraaj Modgill, Jasleen Singh] [75] [1703]
[Danur: I Can See Ghosts] [2017] [Indonesia] [Horror Movies] [Awi Suryadi] [Prilly Latuconsina, Sandrinna Michelle] [75] [3973]
[MILF] [2018] [France] [Comedies] [Axelle Laffont] [Virginie Ledoyen, Marie-Josée Croze] [102] [2234]
[Menahi] [2008] [Saudi Arabia] [Comedies] [Ayman Makram] [Fayez Al-Malki, Mona Wasef] [101] [2404]
[Children of the Sea] [2019] [Japan] [Anime Features] [Ayumu Watanabe] [Mana Ashida, Hiiro Ishibashi] [112] [2066]
[The Lovers] [2017] [United States] [Comedies] [Azazel Jacobs] [Aidan Gillen, Melora Walters] [98] [3308]
[Disco Dancer] [1982] [India] [Cult Movies] [B. Subhash] [Mithun Chakraborty, Kim] [134] [1863]
[Grandmaster] [2012] [India] [International Movies] [B. Unnikrishnan] [Mithra Kurian, Anoop Menon] [133] [4440]
[Oh! Baby] [2019] [India] [Comedies] [B. V. Nandini Reddy] [Samantha Ruth Prabhu, Lakshmi] [157] [3517]
[Faraar] [2015] [Australia] [Action & Adventure] [Baljit Singh Deo] [Kainaat Arora, Jaggi Singh] [146] [4340]
[Adrift] [2018] [Hong Kong] [Action & Adventure] [Baltasar Kormákur] [Shailene Woodley, Sam Claflin] [96] [2060]
[Who Am I] [2014] [Germany] [International Movies] [Baran bo Odar] [Tom Schilling, Elyas M'Barek] [102] [1268]
[365 Days] [2020] [Poland] [Dramas] [Barbara Białowąs] [Anna-Maria Sieklucka, Michele Morrone] [114] [2413]
[David Foster: Off the Record] [2019] [Canada] [Documentaries] [Barry Avrich] [David Foster, ] [107] [2311]
[Fantastica] [2018] [Philippines] [Comedies] [Barry Gonzalez] [Vice Ganda, Richard Gutierrez] [114] [1645]
[Rain Man] [1988] [United States] [Classic Movies] [Barry Levinson] [Dustin Hoffman, Tom Cruise] [134] [1255]
[Nobody Sleeps in the Woods Tonight] [2020] [Poland] [Horror Movies] [Bartosz M. Kowalski] [Julia Wieniawa-Narkiewicz, Michał Lupa] [103] [1789]
[Evvarikee Cheppoddu] [2019] [India] [Comedies] [Basava Shankar Eeday] [Rakesh Varre, Gargeyi] [134] [3225]
[The Knight and the Princess] [2019] [Egypt] [Action & Adventure] [Bashir El Deek] [Sedky Sakhr, Hashem El Garhy] [96] [1138]
[Banana Island Ghost] [2017] [Nigeria] [Comedies] [BB Sasore] [Chigul, Patrick Diabuah] [108] [3167]
[God Calling] [2018] [Nigeria] [Dramas] [BB Sasore] [Zainab Balogun, Karibi Fubara] [120] [1108]
[Küçük Esnaf] [2016] [Turkey] [Comedies] [Bedran Güzel] [İbrahim Büyükak, Zeynep Koçak] [100] [2619]
[Travel Mates 2] [2018] [Turkey] [Comedies] [Bedran Güzel] [Oğuzhan Koç, İbrahim Büyükak] [111] [3508]
[Shaitan] [2011] [India] [Action & Adventure] [Bejoy Nambiar] [Rajeev Khandelwal, Kalki Koechlin] [126] [2289]
[Wazir] [2016] [India] [Dramas] [Bejoy Nambiar] [Amitabh Bachchan, Farhan Akhtar] [98] [1142]
[Thunder Force] [2021] [United States] [Action & Adventure] [Ben Falcone] [Melissa McCarthy, Octavia Spencer] [107] [1089]
[Banana Split] [2020] [United States] [Comedies] [Ben Kasulke] [Hannah Marks, Liana Liberato] [84] [2203]
[Free Fire] [2016] [United Kingdom] [Action & Adventure] [Ben Wheatley] [Sharlto Copley, Armie Hammer] [91] [3390]
[Rebecca] [2020] [United Kingdom] [Dramas] [Ben Wheatley] [Lily James, Armie Hammer] [123] [1815]
[Good Time] [2017] [United States] [Dramas] [Benny Safdie] [Robert Pattinson, Benny Safdie] [101] [2929]
[Dark Forces] [2020] [Mexico] [Horror Movies] [Bernardo Arellano] [Tenoch Huerta, Eréndira Ibarra] [81] [2105]
[Spookley and the Christmas Kittens] [2019] [United States] [Children & Family Movies] [Bernie Denk] [Vlasta Vrana, Sonja Ball] [45] [1633]
[Spookley the Square Pumpkin] [2004] [United States] [Children & Family Movies] [Bernie Denk] [Sonja Ball, Craig Francis] [47] [3545]
[The American Meme] [2018] [United States] [Documentaries] [Bert Marcus] [Paris Hilton, Josh Ostrovsky] [98] [4325]
[Spirit Riding Free: Ride Along Adventure] [2020] [United States] [Children & Family Movies] [Beth Sleven] [Amber Frank, Bailey Gambertoglio] [79] [1581]
[Project Marathwada] [2016] [India] [Dramas] [Bhavin Wadia] [Om Puri, Seema Biswas] [103] [2207]
[Ragini MMS 2] [2014] [India] [Horror Movies] [Bhushan Patel] [Sunny Leone, Saahil Prem] [113] [212]
[Bigflo & Oli: Hip Hop Frenzy] [2020] [France] [Documentaries] [Bigflo & Oli] [Bigflo & Oli, ] [100] [1875]
[The Twilight Saga: Breaking Dawn: Part 1] [2011] [United States] [Dramas] [Bill Condon] [Kristen Stewart, Robert Pattinson] [117] [448]
[The Twilight Saga: Breaking Dawn: Part 2] [2012] [United States] [Dramas] [Bill Condon] [Kristen Stewart, Robert Pattinson] [115] [449]
[A Fortunate Man] [2018] [Denmark] [Dramas] [Bille August] [Esben Smed, Katrine Rosenthal] [168] [3895]
[Octonauts & the Caves of Sac Actun] [2020] [United Kingdom] [Children & Family Movies] [Blair Simmons] [Teresa Gallagher, Simon Greenall] [72] [2132]
[Octonauts & the Great Barrier Reef] [2020] [United Kingdom] [Children & Family Movies] [Blair Simmons] [Simon Greenall, Rob Rackstraw] [47] [1860]
[Octonauts & the Ring of Fire] [2021] [China] [Children & Family Movies] [Blair Simmons] [Simon Greenall, Rob Rackstraw] [73] [1152]
[Santa Girl] [2019] [United States] [Children & Family Movies] [Blayne Weaver] [Barry Bostwick, Jennifer Stone] [91] [3344]
[Osmosis Jones] [2001] [United States] [Action & Adventure] [Bobby Farrelly] [Chris Rock, Laurence Fishburne] [95] [169]
[The Heartbreak Kid] [2007] [United States] [Comedies] [Bobby Farrelly] [Ben Stiller, Michelle Monaghan] [116] [2593]
[Edge of Fear] [2018] [United States] [Independent Movies] [Bobby Roth] [Shen Lin, Robert Patrick] [92] [4435]
[The Bling Lagosians] [2019] [Nigeria] [Dramas] [Bolanle Austen-Peters] [Gbenga Titiloye, Elvina Ibru] [99] [3432]
[Fractured] [2019] [United States] [Thrillers] [Brad Anderson] [Sam Worthington, Lily Rabe] [100] [3430]
[The Machinist] [2004] [Spain] [Dramas] [Brad Anderson] [Christian Bale, Jennifer Jason Leigh] [102] [358]
[The Lincoln Lawyer] [2011] [United States] [Dramas] [Brad Furman] [Matthew McConaughey, Josh Lucas] [118] [356]
[Incarnate] [2016] [United States] [Horror Movies] [Brad Peyton] [Aaron Eckhart, Carice van Houten] [87] [1537]
[An Ordinary Man] [2017] [Serbia] [Dramas] [Brad Silberling] [Ben Kingsley, Hera Hilmar] [91] [1904]
[What Lies Below] [2020] [United States] [Horror Movies] [Braden R. Duemmler] [Ema Horvath, Trey Tucker] [88] [1101]
[The Holiday Calendar] [2018] [United States] [Dramas] [Bradley Walsh] [Kat Graham, Quincy Brown] [95] [4418]
[All The Bright Places] [2020] [United States] [Dramas] [Brett Haley] [Elle Fanning, Justice Smith] [109] [2868]
[All Together Now] [2020] [United States] [Dramas] [Brett Haley] [Auli'i Cravalho, Justina Machado] [94] [2085]
[The Stand at Paxton County] [2020] [United States] [Dramas] [Brett Hedlund] [Jacqueline Toboni, Michael O'Neill] [103] [2574]
[Janoskians: Untold and Untrue] [2016] [United States] [Comedies] [Brett Weiner] [Jai Brooks, Luke Brooks] [88] [153]
[Sweet Girl] [2021] [United States] [Action & Adventure] [Brian Andrew Mendoza] [Jason Momoa, Isabela Merced] [110] [248]
[The World We Make] [2019] [United States] [Dramas] [Brian Baugh] [Caleb Castille, Rose Reid] [108] [1331]
[Legend] [2015] [United Kingdom] [Dramas] [Brian Helgeland] [Tom Hardy, Emily Browning] [132] [3019]
[The Happytime Murders] [2018] [United States] [Action & Adventure] [Brian Henson] [Melissa McCarthy, Elizabeth Banks] [91] [1627]
[Beethoven] [1992] [United States] [Children & Family Movies] [Brian Levant] [Charles Grodin, Bonnie Hunt] [87] [326]
[Good Burger] [1997] [United States] [Children & Family Movies] [Brian Robbins] [Kenan Thompson, Kel Mitchell] [96] [1454]
[The 2nd] [2020] [United States] [Action & Adventure] [Brian Skiba] [Ryan Phillippe, Casper Van Dien] [93] [1634]
[Liefling] [2010] [South Africa] [Comedies] [Brian Webber] [Lika Berning, Bobby van Jaarsveld] [118] [2916]
[Unicorn Store] [2019] [United States] [Comedies] [Brie Larson] [Brie Larson, Samuel L. Jackson] [92] [3946]
[Hospital] [2020] [Taiwan] [Horror Movies] [Brody Chu] [Lin Po-Hung, Tai Bo] [90] [1178]
[Double Jeopardy] [1999] [United States] [Thrillers] [Bruce Beresford] [Tommy Lee Jones, Ashley Judd] [105] [2312]
[How High 2] [2019] [United States] [Comedies] [Bruce Leddy] [Lil Yachty, D.C. Young Fly] [89] [3082]
[DJ Cinderella] [2019] [Brazil] [Children & Family Movies] [Bruno Garotti] [Maísa Silva, Filipe Bragança] [95] [3748]
[Rich in Love] [2020] [Brazil] [Comedies] [Bruno Garotti] [Danilo Mesquita, Giovanna Lancellotti] [105] [2602]
[Born Racer] [2018] [New Zealand] [Documentaries] [Bryn Evans] [Scott Dixon, ] [89] [2257]
[Uppena] [2020] [India] [Dramas] [Buchi Babu Sana] [Panja Vaisshnav Tej, Krithi Shetty] [145] [1070]
[My Wife and I] [2017] [South Africa] [Comedies] [Bunmi Ajakaiye] [Ramsey Nouah, Omoni Oboli] [100] [3153]
[Turkish Dance School] [2017] [Turkey] [Comedies] [Burak Aksak] [Binnur Kaya, Demet Özdemir] [107] [1900]
[Pinkfong & Baby Shark's Space Adventure] [2019] [United States] [Children & Family Movies] [Byeon Hee-sun] [Jo Kyoung-i, Kim Seo-yeong] [65] [1408]
[High Society] [2018] [South Korea] [Dramas] [Byun Hyuk] [Park Hae-il, Su Ae] [137] [4155]
[Escape from Planet Earth] [2013] [United States] [Children & Family Movies] [Cal Brunker] [Rob Corddry, Brendan Fraser] [89] [1102]
[Paper Lives] [2021] [Turkey] [Dramas] [Can Ulkay] [Çağatay Ulusoy, Emir Ali Doğrul] [97] [1213]
[Cold Harbour] [2013] [South Africa] [Action & Adventure] [Carey McKenzie] [Tony Kgoroge, Yu Nan] [73] [1906]
[The Paramedic] [2020] [Spain] [Dramas] [Carles Torras] [Mario Casas, Déborah François] [94] [1997]
[Dogwashers] [2021] [Colombia] [Comedies] [Carlos Moreno] [Christian Tappan, Anderson Ballesteros] [108] [1233]
[Mutiny of the Worker Bees] [2020] [Mexico] [Comedies] [Carlos Morett] [Gustavo Egelhaaf, Alejandro Suárez] [94] [2499]
[Notes for My Son] [2020] [Argentina] [Dramas] [Carlos Sorín] [Valeria Bertuccelli, Esteban Lamothe] [84] [1658]
[Quién te cantará] [2018] [Spain] [Dramas] [Carlos Vermut] [Najwa Nimri, Eva Llorach] [125] [4068]
[BLACKPINK: Light Up the Sky] [2020] [United States] [Documentaries] [Caroline Suh] [Blackpink, ] [80] [1857]
[Deadcon] [2019] [United States] [Horror Movies] [Caryn Waechter] [Lauren Elizabeth, Claudia Sulewski] [78] [3015]
[Barbie & Chelsea: The Lost Birthday] [2021] [United States] [Children & Family Movies] [Cassi Simonds] [America Young, Cassidy Naber] [60] [1027]
[Twilight] [2008] [United States] [Action & Adventure] [Catherine Hardwicke] [Kristen Stewart, Robert Pattinson] [122] [452]
[A Second Chance] [2015] [Philippines] [Dramas] [Cathy Garcia-Molina] [John Lloyd Cruz, Bea Alonzo] [130] [4069]
[A Very Special Love] [2008] [Philippines] [International Movies] [Cathy Garcia-Molina] [John Lloyd Cruz, Sarah Geronimo] [107] [1708]
[Four Sisters and a Wedding] [2013] [Philippines] [Comedies] [Cathy Garcia-Molina] [Bea Alonzo, Toni Gonzaga] [125] [4074]
[Hello, Love, Goodbye] [2019] [Philippines] [Dramas] [Cathy Garcia-Molina] [Kathryn Bernardo, Alden Richards] [117] [1498]
[It Takes a Man and a Woman] [2013] [Philippines] [Comedies] [Cathy Garcia-Molina] [John Lloyd Cruz, Sarah Geronimo] [127] [4075]
[My Amnesia Girl] [2010] [Philippines] [International Movies] [Cathy Garcia-Molina] [John Lloyd Cruz, Toni Gonzaga] [105] [1678]
[My Ex & Whys] [2017] [Philippines] [Comedies] [Cathy Garcia-Molina] [Liza Soberano, Enrique Gil] [121] [4076]
[Seven Sundays] [2017] [Philippines] [Comedies] [Cathy Garcia-Molina] [Ronaldo Valdez, Aga Muhlach] [128] [4022]
[She's Dating the Gangster] [2014] [Philippines] [Dramas] [Cathy Garcia-Molina] [Kathryn Bernardo, Daniel Padilla] [113] [4077]
[The Hows of Us] [2018] [Philippines] [Dramas] [Cathy Garcia-Molina] [Kathryn Bernardo, Daniel Padilla] [120] [1810]
[Three Words to Forever] [2018] [Philippines] [Comedies] [Cathy Garcia-Molina] [Sharon Cuneta, Richard Gomez] [107] [1683]
[Unexpectedly Yours] [2017] [Philippines] [Comedies] [Cathy Garcia-Molina] [Sharon Cuneta, Robin Padilla] [121] [1648]
[Ali Baba ve 7 Cüceler] [2015] [Turkey] [Action & Adventure] [Cem Yılmaz] [Cem Yılmaz, Irina Ivkina] [115] [2310]
[Pek Yakında] [2014] [Turkey] [Comedies] [Cem Yılmaz] [Cem Yılmaz, Tülin Özen] [134] [2313]
[Airplane Mode] [2020] [United States] [Comedies] [César Rodrigues] [Larissa Manoela, André Luiz Frambach] [97] [2996]
[Kolaiyuthir Kaalam] [2019] [India] [International Movies] [Chakri Toleti] [Nayanthara, Bhoomika Chawla] [107] [2643]
[Elf Pets: A Fox Cub’s Christmas Tale] [2020] [United States] [Children & Family Movies] [Chanda Bell] [Leslie Bellair, Brad Hyland] [28] [1752]
[Elf Pets: Santa’s Reindeer Rescue] [2020] [United States] [Children & Family Movies] [Chanda Bell] [Brad Hyland, Drew Barber] [27] [1753]
[Whipped] [2020] [Indonesia] [Comedies] [Chandra Liow] [Andovi da Lopez, Jovial da Lopez] [98] [1982]
[Oversize Cops] [2017] [Thailand] [Action & Adventure] [Chanon Yingyong] [Sarun Cinsuvapala, Pramote Pathan] [100] [3979]
[The Heartbreak Club] [2020] [Indonesia] [Comedies] [Charles Gozali] [Bhisma Mulia, Denira Wiraguna] [101] [1415]
[Brother Jekwu] [2016] [Nigeria] [Comedies] [Charles Uwagbai] [Mike Ezuruonye, Juliet Ochienge] [101] [282]
[The Ghost and the Tout] [2018] [Nigeria] [Comedies] [Charles Uwagbai] [Toyin Abraham, Sambasa Nzeribe] [100] [2919]
[I'm Thinking of Ending Things] [2020] [United States] [Dramas] [Charlie Kaufman] [Jessie Buckley, Jesse Plemons] [135] [2046]
[Dry Martina] [2018] [Chile] [Dramas] [Che Sandoval] [Antonella Costa, Patricio Contreras] [100] [3833]
[Accident] [2009] [Hong Kong] [International Movies] [Cheang Pou Soi] [Louis Koo, Richie Ren] [87] [4331]
[The Soul] [2021] [China] [Dramas] [Cheng Wei-hao] [Chang Chen, Janine Chang] [130] [1067]
[Payday] [2018] [Nigeria] [Comedies] [Cheta Chukwu] [Baaj Adebule, Ebiye Victor] [110] [3215]
[The Midas Touch] [2013] [Hong Kong] [Comedies] [Chi Keung Fung] [Chapman To, Charlene Choi] [98] [3649]
[Who's the Boss] [2020] [Nigeria] [Comedies] [Chinaza Onuzo] [Funke Akindele, Blossom Chukwujekwu] [106] [1186]
[Ije: The Journey] [2010] [United States] [Dramas] [Chineze Anyaene] [Genevieve Nnaji, Omotola Jalade-Ekeinde] [106] [316]
[The Boy Who Harnessed the Wind] [2019] [United Kingdom] [Children & Family Movies] [Chiwetel Ejiofor] [Maxwell Simba, Chiwetel Ejiofor] [114] [4063]
[Bill Hicks: Relentless] [1992] [United Kingdom] [Stand-Up Comedy] [Chris Bould] [Bill Hicks, ] [61] [4232]
[Bill Hicks: Revelations] [1993] [United Kingdom] [Stand-Up Comedy] [Chris Bould] [Bill Hicks, ] [56] [4233]
[The Christmas Chronicles: Part Two] [2020] [Canada] [Children & Family Movies] [Chris Columbus] [Kurt Russell, Goldie Hawn] [115] [1652]
[Seven in Heaven] [2018] [United States] [Horror Movies] [Chris Eigeman] [Travis Tope, Haley Ramm] [94] [4529]
[Fisherman's Friends] [2019] [United Kingdom] [Comedies] [Chris Foggin] [Daniel Mays, James Purefoy] [112] [1809]
[Puss in Boots] [2011] [United States] [Children & Family Movies] [Chris Miller] [Antonio Banderas, Salma Hayek] [92] [2072]
[The Perfect Date] [2019] [United States] [Comedies] [Chris Nelson] [Noah Centineo, Laura Marano] [91] [3927]
[Dr. Seuss' The Lorax] [2012] [United States] [Children & Family Movies] [Chris Renaud] [Danny DeVito, Ed Helms] [86] [2261]
[Beats] [2019] [United States] [Dramas] [Chris Robinson] [Khalil Everage, Anthony Anderson] [110] [3732]
[Tiffany Haddish: She Ready! From the Hood To Hollywood!] [2017] [United States] [Stand-Up Comedy] [Chris Robinson] [Tiffany Haddish, ] [66] [2703]
[Santana] [2020] [South Africa] [Action & Adventure] [Chris Roland] [Paulo Americano, Raul Rosario] [107] [2088]
[Shattered Memories] [2018] [United States] [Dramas] [Chris Sivertson] [Elizabeth Bogush, Brad Schmidt] [86] [1803]
[Operation Varsity Blues: The College Admissions Scandal] [2021] [United States] [Documentaries] [Chris Smith] [Matthew Modine, ] [100] [1196]
[Operation Finale] [2018] [United States] [Dramas] [Chris Weitz] [Oscar Isaac, Ben Kingsley] [123] [1289]
[The Twilight Saga: New Moon] [2009] [United States] [Dramas] [Chris Weitz] [Kristen Stewart, Robert Pattinson] [131] [451]
[Case 39] [2009] [United States] [Horror Movies] [Christian Alvart] [Renée Zellweger, Jodelle Ferland] [111] [1448]
[Je Suis Karl] [2021] [Germany] [Dramas] [Christian Schwochow] [Luna Wedler, Jannis Niewöhner] [127] [13]
[Lommbock] [2017] [Germany] [Comedies] [Christian Zübert] [Lucas Gregorowicz, Moritz Bleibtreu] [106] [4403]
[I am Jonas] [2019] [France] [Dramas] [Christophe Charrier] [Félix Maritaud, Nicolas Bauwens] [82] [2835]
[The Old Ways] [2020] [United States] [Horror Movies] [Christopher Alender] [Brigitte Kali Canales, Andrea Cortes] [90] [230]
[The Next Karate Kid] [1994] [United States] [Action & Adventure] [Christopher Cain] [Pat Morita, Hilary Swank] [107] [1769]
[Inception] [2010] [United States] [Action & Adventure] [Christopher Nolan] [Leonardo DiCaprio, Joseph Gordon-Levitt] [148] [341]
[Walk Away from Love] [2017] [United States] [Dramas] [Christopher Nolen] [Noree Victoria, Brad James] [81] [1885]
[Jeff Garlin: Our Man In Chicago] [2019] [United States] [Stand-Up Comedy] [Christopher Storer] [Jeff Garlin, ] [59] [3290]
[A Sun] [2019] [Taiwan] [Dramas] [Chung Mong-hong] [Wu Chien-ho, Chen Yi-wen] [156] [2990]
[Eli] [2019] [United States] [Horror Movies] [Ciarán Foy] [Charlie Shotwell, Lili Taylor] [98] [3399]
[Sinister 2] [2015] [United States] [Horror Movies] [Ciarán Foy] [Shannyn Sossamon, John Beasley] [97] [3422]
[Unbreakable Kimmy Schmidt: Kimmy vs. the Reverend] [2020] [United States] [Comedies] [Claire Scanlon] [Ellie Kemper, Jane Krakowski] [190] [2544]
[Growing up and other problems] [2018] [Spain] [Comedies] [Clara Martínez-Lázaro] [Silvia Alonso, Bárbara Goenaga] [91] [1323]
[Juanita] [2019] [United States] [Dramas] [Clark Johnson] [Alfre Woodard, Adam Beach] [90] [4034]
[A Second Chance:  Rivals!] [2021] [Australia] [Children & Family Movies] [Clay Glen] [Emily Morris, Stella Shute] [91] [394]
[The Christmas Chronicles] [2018] [United States] [Children & Family Movies] [Clay Kaytis] [Kurt Russell, Darby Camp] [104] [4370]
[Mighty Express: A Mighty Christmas] [2020] [Canada] [Children & Family Movies] [Clint Butler] [Jay Hatton, Zoe Hatz] [26] [1589]
[Space Cowboys] [2000] [United States] [Action & Adventure] [Clint Eastwood] [Clint Eastwood, Tommy Lee Jones] [130] [351]
[Cloudy with a Chance of Meatballs 2] [2013] [United States] [Children & Family Movies] [Cody Cameron] [Bill Hader, Anna Faris] [95] [1695]
[What Keeps You Alive] [2018] [Canada] [LGBTQ Movies] [Colin Minihan] [Hannah Emily Anderson, Brittany Allen] [99] [2184]
[The Book of Henry] [2017] [United States] [Dramas] [Colin Trevorrow] [Naomi Watts, Jaeden Martell] [105] [447]
[Walk. Ride. Rodeo.] [2019] [United States] [Children & Family Movies] [Conor Allyn] [Spencer Locke, Missi Pyle] [100] [4037]
[Barbie Princess Adventure] [2020] [Netherlands] [Children & Family Movies] [Conrad Helten] [America Young, Erica Lindbeck] [72] [2062]
[Sightless] [2020] [United States] [Thrillers] [Cooper Karl] [Madelaine Petsch, Alexander Koch] [89] [1394]
[The Twins Effect II] [2004] [Hong Kong] [Action & Adventure] [Corey Yuen] [Donnie Yen, Jaycee Chan] [106] [3650]
[Fearless] [2020] [Canada] [Children & Family Movies] [Cory Edwards] [Yara Shahidi, Miles Robbins] [92] [2130]
[Dolemite Is My Name] [2019] [United States] [Comedies] [Craig Brewer] [Eddie Murphy, Wesley Snipes] [118] [3373]
[Material] [2012] [South Africa] [Comedies] [Craig Freimond] [Vincent Ebrahim, Riaad Moosa] [94] [2585]
[Double Dad] [2020] [Brazil] [Children & Family Movies] [Cris D'Amato] [Maisa Silva, Eduardo Moscovis] [105] [1404]
[Aurora] [2010] [Romania] [Dramas] [Cristi Puiu] [Cristi Puiu, Clara Voda] [186] [2844]
[The Death of Mr. Lazarescu] [2005] [Romania] [Dramas] [Cristi Puiu] [Monica Bârlădeanu, Ion Fiscuteanu] [154] [2846]
[Oh, Ramona!] [2019] [Romania] [Comedies] [Cristina Jacob] [Bogdan Iancu, Aggy K. Adams] [109] [3786]
[Rising High] [2020] [Germany] [Dramas] [Cüneyt Kaya] [David Kross, Frederick Lau] [95] [2672]
[Oloibiri] [2015] [Canada] [Dramas] [Curtis Graham] [Olu Jacobs, Richard Mofe-Damijo] [86] [1002]
[The Young Messiah] [2016] [United States] [Dramas] [Cyrus Nowrasteh] [Adam Greaves-Neal, Sara Lazzaro] [111] [2093]
[QLIMAX THE SOURCE] [2020] [Netherlands] [Music & Musicals] [Daan Jansen] [Michael Brons, Nigel Coppen] [57] [1505]
[Must Be... Love] [2013] [Philippines] [Comedies] [Dado C. Lumibao] [Kathryn Bernardo, Daniel Padilla] [106] [1603]
